vikassharma@Vikass-Mac-mini Assing_8 % python3 train.py
----------------------------------------------------------------
        Layer (type)               Output Shape         Param #
================================================================
            Conv2d-1           [-1, 32, 32, 32]             896
       BatchNorm2d-2           [-1, 32, 32, 32]              64
              ReLU-3           [-1, 32, 32, 32]               0
           Dropout-4           [-1, 32, 32, 32]               0
            Conv2d-5           [-1, 32, 32, 32]             320
       BatchNorm2d-6           [-1, 32, 32, 32]              64
              ReLU-7           [-1, 32, 32, 32]               0
           Dropout-8           [-1, 32, 32, 32]               0
            Conv2d-9           [-1, 32, 32, 32]           1,056
      BatchNorm2d-10           [-1, 32, 32, 32]              64
             ReLU-11           [-1, 32, 32, 32]               0
           Conv2d-12           [-1, 64, 32, 32]             640
      BatchNorm2d-13           [-1, 64, 32, 32]             128
             ReLU-14           [-1, 64, 32, 32]               0
          Dropout-15           [-1, 64, 32, 32]               0
           Conv2d-16           [-1, 64, 32, 32]             640
      BatchNorm2d-17           [-1, 64, 32, 32]             128
             ReLU-18           [-1, 64, 32, 32]               0
          Dropout-19           [-1, 64, 32, 32]               0
           Conv2d-20           [-1, 64, 32, 32]           4,160
      BatchNorm2d-21           [-1, 64, 32, 32]             128
             ReLU-22           [-1, 64, 32, 32]               0
           Conv2d-23          [-1, 128, 32, 32]           1,280
      BatchNorm2d-24          [-1, 128, 32, 32]             256
             ReLU-25          [-1, 128, 32, 32]               0
          Dropout-26          [-1, 128, 32, 32]               0
           Conv2d-27          [-1, 128, 32, 32]           1,280
      BatchNorm2d-28          [-1, 128, 32, 32]             256
             ReLU-29          [-1, 128, 32, 32]               0
          Dropout-30          [-1, 128, 32, 32]               0
           Conv2d-31          [-1, 128, 32, 32]          16,512
      BatchNorm2d-32          [-1, 128, 32, 32]             256
             ReLU-33          [-1, 128, 32, 32]               0
           Conv2d-34          [-1, 256, 32, 32]           2,560
      BatchNorm2d-35          [-1, 256, 32, 32]             512
             ReLU-36          [-1, 256, 32, 32]               0
          Dropout-37          [-1, 256, 32, 32]               0
           Conv2d-38          [-1, 256, 32, 32]           2,560
      BatchNorm2d-39          [-1, 256, 32, 32]             512
             ReLU-40          [-1, 256, 32, 32]               0
          Dropout-41          [-1, 256, 32, 32]               0
           Conv2d-42          [-1, 256, 32, 32]          65,792
      BatchNorm2d-43          [-1, 256, 32, 32]             512
             ReLU-44          [-1, 256, 32, 32]               0
AdaptiveAvgPool2d-45            [-1, 256, 1, 1]               0
           Linear-46                  [-1, 128]          32,896
           Linear-47                   [-1, 10]           1,290
================================================================
Total params: 134,762
Trainable params: 134,762
Non-trainable params: 0
----------------------------------------------------------------
Input size (MB): 0.01
Forward/backward pass size (MB): 41.25
Params size (MB): 0.51
Estimated Total Size (MB): 41.78
----------------------------------------------------------------
Files already downloaded and verified
Files already downloaded and verified
Epoch: 1
Training: Loss=1.5307 Batch=390 Accuracy=37.12%: 100%|████████████████████████████████████████████████████████████████████████████████████████████████████████████████████████| 391/391 [02:08<00:00,  3.04it/s]
Training: Average loss: 0.0131, Accuracy: 18559/50000 (37.12%)
Testing: Average loss: 0.0143, Accuracy: 3813/10000 (38.13%)
Epoch: 2
Training: Loss=1.2703 Batch=390 Accuracy=49.70%: 100%|██████████████████████████████████████████████████████████████████████████████████████████████████████████████████████████████████████████| 391/391 [02:08<00:00,  3.04it/s]
Training: Average loss: 0.0107, Accuracy: 24848/50000 (49.70%)
Testing: Average loss: 0.0113, Accuracy: 5051/10000 (50.51%)
Epoch: 3
Training: Loss=1.3239 Batch=390 Accuracy=55.07%: 100%|██████████████████████████████████████████████████████████████████████████████████████████████████████████████████████████████████████████| 391/391 [02:08<00:00,  3.04it/s]
Training: Average loss: 0.0097, Accuracy: 27535/50000 (55.07%)
Testing: Average loss: 0.0092, Accuracy: 5912/10000 (59.12%)
Epoch: 4
Training: Loss=1.1322 Batch=390 Accuracy=58.78%: 100%|██████████████████████████████████████████████████████████████████████████████████████████████████████████████████████████████████████████| 391/391 [02:08<00:00,  3.04it/s]
Training: Average loss: 0.0089, Accuracy: 29390/50000 (58.78%)
Testing: Average loss: 0.0076, Accuracy: 6606/10000 (66.06%)
Epoch: 5
Training: Loss=1.1913 Batch=390 Accuracy=61.15%: 100%|██████████████████████████████████████████████████████████████████████████████████████████████████████████████████████████████████████████| 391/391 [02:08<00:00,  3.04it/s]
Training: Average loss: 0.0084, Accuracy: 30575/50000 (61.15%)
Testing: Average loss: 0.0077, Accuracy: 6592/10000 (65.92%)
Epoch: 6
Training: Loss=1.1157 Batch=390 Accuracy=63.12%: 100%|██████████████████████████████████████████████████████████████████████████████████████████████████████████████████████████████████████████| 391/391 [02:08<00:00,  3.04it/s]
Training: Average loss: 0.0081, Accuracy: 31560/50000 (63.12%)
Testing: Average loss: 0.0069, Accuracy: 6952/10000 (69.52%)
Epoch: 7
Training: Loss=1.2257 Batch=390 Accuracy=64.88%: 100%|██████████████████████████████████████████████████████████████████████████████████████████████████████████████████████████████████████████| 391/391 [02:09<00:00,  3.01it/s]
Training: Average loss: 0.0077, Accuracy: 32440/50000 (64.88%)
Testing: Average loss: 0.0066, Accuracy: 7164/10000 (71.64%)
Epoch: 8
Training: Loss=0.9061 Batch=390 Accuracy=65.94%: 100%|██████████████████████████████████████████████████████████████████████████████████████████████████████████████████████████████████████████| 391/391 [02:09<00:00,  3.01it/s]
Training: Average loss: 0.0075, Accuracy: 32969/50000 (65.94%)
Testing: Average loss: 0.0064, Accuracy: 7226/10000 (72.26%)
Epoch: 9
Training: Loss=0.9673 Batch=390 Accuracy=67.37%: 100%|██████████████████████████████████████████████████████████████████████████████████████████████████████████████████████████████████████████| 391/391 [02:08<00:00,  3.04it/s]
Training: Average loss: 0.0072, Accuracy: 33686/50000 (67.37%)
Testing: Average loss: 0.0059, Accuracy: 7419/10000 (74.19%)
Epoch: 10
Training: Loss=0.9481 Batch=390 Accuracy=68.14%: 100%|██████████████████████████████████████████████████████████████████████████████████████████████████████████████████████████████████████████| 391/391 [02:08<00:00,  3.03it/s]
Training: Average loss: 0.0070, Accuracy: 34071/50000 (68.14%)
Testing: Average loss: 0.0056, Accuracy: 7543/10000 (75.43%)
Epoch: 11
Training: Loss=0.9113 Batch=390 Accuracy=68.58%: 100%|██████████████████████████████████████████████████████████████████████████████████████████████████████████████████████████████████████████| 391/391 [02:10<00:00,  3.00it/s]
Training: Average loss: 0.0069, Accuracy: 34288/50000 (68.58%)
Testing: Average loss: 0.0060, Accuracy: 7414/10000 (74.14%)
Epoch: 12
Training: Loss=0.7022 Batch=390 Accuracy=69.16%: 100%|██████████████████████████████████████████████████████████████████████████████████████████████████████████████████████████████████████████| 391/391 [02:09<00:00,  3.02it/s]
Training: Average loss: 0.0068, Accuracy: 34581/50000 (69.16%)
Testing: Average loss: 0.0054, Accuracy: 7677/10000 (76.77%)
Epoch: 13
Training: Loss=0.7939 Batch=390 Accuracy=69.93%: 100%|██████████████████████████████████████████████████████████████████████████████████████████████████████████████████████████████████████████| 391/391 [02:09<00:00,  3.02it/s]
Training: Average loss: 0.0066, Accuracy: 34965/50000 (69.93%)
Testing: Average loss: 0.0056, Accuracy: 7620/10000 (76.20%)
Epoch: 14
Training: Loss=0.6851 Batch=390 Accuracy=70.52%: 100%|██████████████████████████████████████████████████████████████████████████████████████████████████████████████████████████████████████████| 391/391 [02:09<00:00,  3.03it/s]
Training: Average loss: 0.0065, Accuracy: 35261/50000 (70.52%)
Testing: Average loss: 0.0052, Accuracy: 7795/10000 (77.95%)
Epoch: 15
Training: Loss=0.9895 Batch=390 Accuracy=70.83%: 100%|██████████████████████████████████████████████████████████████████████████████████████████████████████████████████████████████████████████| 391/391 [02:08<00:00,  3.04it/s]
Training: Average loss: 0.0064, Accuracy: 35417/50000 (70.83%)
Testing: Average loss: 0.0052, Accuracy: 7818/10000 (78.18%)
Epoch: 16
Training: Loss=0.8182 Batch=390 Accuracy=71.43%: 100%|██████████████████████████████████████████████████████████████████████████████████████████████████████████████████████████████████████████| 391/391 [02:08<00:00,  3.04it/s]
Training: Average loss: 0.0063, Accuracy: 35716/50000 (71.43%)
Testing: Average loss: 0.0050, Accuracy: 7851/10000 (78.51%)
Epoch: 17
Training: Loss=0.8357 Batch=390 Accuracy=71.98%: 100%|██████████████████████████████████████████████████████████████████████████████████████████████████████████████████████████████████████████| 391/391 [02:10<00:00,  2.99it/s]
Training: Average loss: 0.0062, Accuracy: 35992/50000 (71.98%)
Testing: Average loss: 0.0051, Accuracy: 7803/10000 (78.03%)
Epoch: 18
Training: Loss=0.5241 Batch=390 Accuracy=72.53%: 100%|██████████████████████████████████████████████████████████████████████████████████████████████████████████████████████████████████████████| 391/391 [02:10<00:00,  3.00it/s]
Training: Average loss: 0.0061, Accuracy: 36265/50000 (72.53%)
Testing: Average loss: 0.0048, Accuracy: 7959/10000 (79.59%)
Epoch: 19
Training: Loss=0.6412 Batch=390 Accuracy=72.69%: 100%|██████████████████████████████████████████████████████████████████████████████████████████████████████████████████████████████████████████| 391/391 [02:08<00:00,  3.04it/s]
Training: Average loss: 0.0061, Accuracy: 36345/50000 (72.69%)
Testing: Average loss: 0.0048, Accuracy: 7903/10000 (79.03%)
Epoch: 20
Training: Loss=0.9010 Batch=390 Accuracy=73.14%: 100%|██████████████████████████████████████████████████████████████████████████████████████████████████████████████████████████████████████████| 391/391 [02:09<00:00,  3.02it/s]
Training: Average loss: 0.0060, Accuracy: 36572/50000 (73.14%)
Testing: Average loss: 0.0049, Accuracy: 7901/10000 (79.01%)
Epoch: 21
Training: Loss=0.8199 Batch=390 Accuracy=73.46%: 100%|██████████████████████████████████████████████████████████████████████████████████████████████████████████████████████████████████████████| 391/391 [02:09<00:00,  3.01it/s]
Training: Average loss: 0.0059, Accuracy: 36728/50000 (73.46%)
Testing: Average loss: 0.0049, Accuracy: 7950/10000 (79.50%)
Epoch: 22
Training: Loss=0.8748 Batch=390 Accuracy=73.38%: 100%|██████████████████████████████████████████████████████████████████████████████████████████████████████████████████████████████████████████| 391/391 [02:08<00:00,  3.04it/s]
Training: Average loss: 0.0059, Accuracy: 36691/50000 (73.38%)
Testing: Average loss: 0.0049, Accuracy: 7967/10000 (79.67%)
Epoch: 23
Training: Loss=0.6955 Batch=390 Accuracy=73.79%: 100%|██████████████████████████████████████████████████████████████████████████████████████████████████████████████████████████████████████████| 391/391 [02:08<00:00,  3.04it/s]
Training: Average loss: 0.0058, Accuracy: 36896/50000 (73.79%)
Testing: Average loss: 0.0047, Accuracy: 7996/10000 (79.96%)
Epoch: 24
Training: Loss=0.6145 Batch=390 Accuracy=73.94%: 100%|██████████████████████████████████████████████████████████████████████████████████████████████████████████████████████████████████████████| 391/391 [02:08<00:00,  3.04it/s]
Training: Average loss: 0.0058, Accuracy: 36970/50000 (73.94%)
Testing: Average loss: 0.0045, Accuracy: 8075/10000 (80.75%)
Epoch: 25
Training: Loss=0.5718 Batch=390 Accuracy=74.09%: 100%|██████████████████████████████████████████████████████████████████████████████████████████████████████████████████████████████████████████| 391/391 [02:08<00:00,  3.04it/s]
Training: Average loss: 0.0057, Accuracy: 37047/50000 (74.09%)
Testing: Average loss: 0.0043, Accuracy: 8162/10000 (81.62%)
Epoch: 26
Training: Loss=0.7322 Batch=390 Accuracy=74.90%: 100%|██████████████████████████████████████████████████████████████████████████████████████████████████████████████████████████████████████████| 391/391 [02:08<00:00,  3.04it/s]
Training: Average loss: 0.0056, Accuracy: 37449/50000 (74.90%)
Testing: Average loss: 0.0044, Accuracy: 8163/10000 (81.63%)
Epoch: 27
Training: Loss=0.8049 Batch=390 Accuracy=75.00%: 100%|██████████████████████████████████████████████████████████████████████████████████████████████████████████████████████████████████████████| 391/391 [02:08<00:00,  3.04it/s]
Training: Average loss: 0.0056, Accuracy: 37499/50000 (75.00%)
Testing: Average loss: 0.0045, Accuracy: 8109/10000 (81.09%)
Epoch: 28
Training: Loss=0.5201 Batch=390 Accuracy=75.24%: 100%|██████████████████████████████████████████████████████████████████████████████████████████████████████████████████████████████████████████| 391/391 [02:08<00:00,  3.04it/s]
Training: Average loss: 0.0055, Accuracy: 37619/50000 (75.24%)
Testing: Average loss: 0.0044, Accuracy: 8122/10000 (81.22%)
Epoch: 29
Training: Loss=0.6244 Batch=390 Accuracy=75.22%: 100%|██████████████████████████████████████████████████████████████████████████████████████████████████████████████████████████████████████████| 391/391 [02:09<00:00,  3.02it/s]
Training: Average loss: 0.0055, Accuracy: 37609/50000 (75.22%)
Testing: Average loss: 0.0044, Accuracy: 8151/10000 (81.51%)
Epoch: 30
Training: Loss=0.5812 Batch=390 Accuracy=75.45%: 100%|██████████████████████████████████████████████████████████████████████████████████████████████████████████████████████████████████████████| 391/391 [02:09<00:00,  3.03it/s]
Training: Average loss: 0.0054, Accuracy: 37725/50000 (75.45%)
Testing: Average loss: 0.0045, Accuracy: 8115/10000 (81.15%)
Epoch: 31
Training: Loss=0.7088 Batch=390 Accuracy=75.73%: 100%|██████████████████████████████████████████████████████████████████████████████████████████████████████████████████████████████████████████| 391/391 [02:09<00:00,  3.02it/s]
Training: Average loss: 0.0054, Accuracy: 37863/50000 (75.73%)
Testing: Average loss: 0.0041, Accuracy: 8266/10000 (82.66%)
Epoch: 32
Training: Loss=0.6293 Batch=390 Accuracy=75.74%: 100%|██████████████████████████████████████████████████████████████████████████████████████████████████████████████████████████████████████████| 391/391 [02:08<00:00,  3.03it/s]
Training: Average loss: 0.0054, Accuracy: 37870/50000 (75.74%)
Testing: Average loss: 0.0043, Accuracy: 8225/10000 (82.25%)
Epoch: 33
Training: Loss=0.7752 Batch=390 Accuracy=75.76%: 100%|██████████████████████████████████████████████████████████████████████████████████████████████████████████████████████████████████████████| 391/391 [02:09<00:00,  3.03it/s]
Training: Average loss: 0.0053, Accuracy: 37878/50000 (75.76%)
Testing: Average loss: 0.0041, Accuracy: 8233/10000 (82.33%)
Epoch: 34
Training: Loss=0.8214 Batch=390 Accuracy=76.24%: 100%|██████████████████████████████████████████████████████████████████████████████████████████████████████████████████████████████████████████| 391/391 [02:08<00:00,  3.03it/s]
Training: Average loss: 0.0053, Accuracy: 38122/50000 (76.24%)
Testing: Average loss: 0.0041, Accuracy: 8262/10000 (82.62%)
Epoch: 35
Training: Loss=0.5455 Batch=390 Accuracy=76.31%: 100%|██████████████████████████████████████████████████████████████████████████████████████████████████████████████████████████████████████████| 391/391 [02:08<00:00,  3.03it/s]
Training: Average loss: 0.0053, Accuracy: 38155/50000 (76.31%)
Testing: Average loss: 0.0042, Accuracy: 8239/10000 (82.39%)
Epoch: 36
Training: Loss=0.6641 Batch=390 Accuracy=76.50%: 100%|██████████████████████████████████████████████████████████████████████████████████████████████████████████████████████████████████████████| 391/391 [02:08<00:00,  3.03it/s]
Training: Average loss: 0.0052, Accuracy: 38249/50000 (76.50%)
Testing: Average loss: 0.0042, Accuracy: 8234/10000 (82.34%)
Epoch: 37
Training: Loss=0.6016 Batch=390 Accuracy=76.86%: 100%|██████████████████████████████████████████████████████████████████████████████████████████████████████████████████████████████████████████| 391/391 [02:08<00:00,  3.03it/s]
Training: Average loss: 0.0052, Accuracy: 38431/50000 (76.86%)
Testing: Average loss: 0.0045, Accuracy: 8145/10000 (81.45%)
Epoch: 38
Training: Loss=0.4081 Batch=390 Accuracy=78.38%: 100%|██████████████████████████████████████████████████████████████████████████████████████████████████████████████████████████████████████████| 391/391 [02:08<00:00,  3.03it/s]
Training: Average loss: 0.0049, Accuracy: 39189/50000 (78.38%)
Testing: Average loss: 0.0038, Accuracy: 8358/10000 (83.58%)
Epoch: 39
Training: Loss=0.6975 Batch=390 Accuracy=78.84%: 100%|██████████████████████████████████████████████████████████████████████████████████████████████████████████████████████████████████████████| 391/391 [02:09<00:00,  3.03it/s]
Training: Average loss: 0.0047, Accuracy: 39419/50000 (78.84%)
Testing: Average loss: 0.0038, Accuracy: 8405/10000 (84.05%)
Epoch: 40
Training: Loss=0.7273 Batch=390 Accuracy=79.02%: 100%|██████████████████████████████████████████████████████████████████████████████████████████████████████████████████████████████████████████| 391/391 [02:09<00:00,  3.02it/s]
Training: Average loss: 0.0047, Accuracy: 39510/50000 (79.02%)
Testing: Average loss: 0.0039, Accuracy: 8387/10000 (83.87%)
Epoch: 41
Training: Loss=0.6846 Batch=390 Accuracy=78.95%: 100%|██████████████████████████████████████████████████████████████████████████████████████████████████████████████████████████████████████████| 391/391 [02:09<00:00,  3.01it/s]
Training: Average loss: 0.0047, Accuracy: 39475/50000 (78.95%)
Testing: Average loss: 0.0038, Accuracy: 8420/10000 (84.20%)
Epoch: 42
Training: Loss=0.3511 Batch=390 Accuracy=79.26%: 100%|██████████████████████████████████████████████████████████████████████████████████████████████████████████████████████████████████████████| 391/391 [02:08<00:00,  3.03it/s]
Training: Average loss: 0.0046, Accuracy: 39629/50000 (79.26%)
Testing: Average loss: 0.0038, Accuracy: 8406/10000 (84.06%)
Epoch: 43
Training: Loss=0.7126 Batch=390 Accuracy=79.38%: 100%|██████████████████████████████████████████████████████████████████████████████████████████████████████████████████████████████████████████| 391/391 [02:08<00:00,  3.03it/s]
Training: Average loss: 0.0046, Accuracy: 39688/50000 (79.38%)
Testing: Average loss: 0.0038, Accuracy: 8434/10000 (84.34%)
Epoch: 44
Training: Loss=0.6101 Batch=390 Accuracy=79.45%: 100%|██████████████████████████████████████████████████████████████████████████████████████████████████████████████████████████████████████████| 391/391 [02:09<00:00,  3.03it/s]
Training: Average loss: 0.0046, Accuracy: 39724/50000 (79.45%)
Testing: Average loss: 0.0038, Accuracy: 8414/10000 (84.14%)
Epoch: 45
Training: Loss=0.7365 Batch=390 Accuracy=79.28%: 100%|██████████████████████████████████████████████████████████████████████████████████████████████████████████████████████████████████████████| 391/391 [02:09<00:00,  3.02it/s]
Training: Average loss: 0.0046, Accuracy: 39639/50000 (79.28%)
Testing: Average loss: 0.0038, Accuracy: 8438/10000 (84.38%)
Epoch: 46
Training: Loss=0.6288 Batch=390 Accuracy=79.54%: 100%|██████████████████████████████████████████████████████████████████████████████████████████████████████████████████████████████████████████| 391/391 [02:08<00:00,  3.03it/s]
Training: Average loss: 0.0045, Accuracy: 39768/50000 (79.54%)
Testing: Average loss: 0.0038, Accuracy: 8407/10000 (84.07%)
Epoch: 47
Training: Loss=0.5987 Batch=390 Accuracy=79.63%: 100%|██████████████████████████████████████████████████████████████████████████████████████████████████████████████████████████████████████████| 391/391 [02:09<00:00,  3.02it/s]
Training: Average loss: 0.0045, Accuracy: 39814/50000 (79.63%)
Testing: Average loss: 0.0037, Accuracy: 8437/10000 (84.37%)
Epoch: 48
Training: Loss=0.7196 Batch=390 Accuracy=79.62%: 100%|██████████████████████████████████████████████████████████████████████████████████████████████████████████████████████████████████████████| 391/391 [02:09<00:00,  3.03it/s]
Training: Average loss: 0.0045, Accuracy: 39812/50000 (79.62%)
Testing: Average loss: 0.0037, Accuracy: 8488/10000 (84.88%)
Epoch: 49
Training: Loss=0.4981 Batch=390 Accuracy=79.72%: 100%|██████████████████████████████████████████████████████████████████████████████████████████████████████████████████████████████████████████| 391/391 [02:09<00:00,  3.03it/s]
Training: Average loss: 0.0045, Accuracy: 39858/50000 (79.72%)
Testing: Average loss: 0.0037, Accuracy: 8493/10000 (84.93%)
Epoch: 50
Training: Loss=0.7435 Batch=390 Accuracy=79.70%: 100%|██████████████████████████████████████████████████████████████████████████████████████████████████████████████████████████████████████████| 391/391 [02:08<00:00,  3.03it/s]
Training: Average loss: 0.0045, Accuracy: 39848/50000 (79.70%)
Testing: Average loss: 0.0037, Accuracy: 8458/10000 (84.58%)
Epoch: 51
Training: Loss=0.6289 Batch=390 Accuracy=79.94%: 100%|██████████████████████████████████████████████████████████████████████████████████████████████████████████████████████████████████████████| 391/391 [02:09<00:00,  3.03it/s]
Training: Average loss: 0.0045, Accuracy: 39970/50000 (79.94%)
Testing: Average loss: 0.0037, Accuracy: 8477/10000 (84.77%)
Epoch: 52
Training: Loss=0.6446 Batch=390 Accuracy=79.72%: 100%|██████████████████████████████████████████████████████████████████████████████████████████████████████████████████████████████████████████| 391/391 [02:08<00:00,  3.04it/s]
Training: Average loss: 0.0045, Accuracy: 39859/50000 (79.72%)
Testing: Average loss: 0.0037, Accuracy: 8490/10000 (84.90%)
Epoch: 53
Training: Loss=0.7540 Batch=390 Accuracy=79.64%: 100%|██████████████████████████████████████████████████████████████████████████████████████████████████████████████████████████████████████████| 391/391 [02:09<00:00,  3.03it/s]
Training: Average loss: 0.0045, Accuracy: 39818/50000 (79.64%)
Testing: Average loss: 0.0038, Accuracy: 8436/10000 (84.36%)
Epoch: 54
Training: Loss=0.5173 Batch=390 Accuracy=79.80%: 100%|██████████████████████████████████████████████████████████████████████████████████████████████████████████████████████████████████████████| 391/391 [02:08<00:00,  3.03it/s]
Training: Average loss: 0.0045, Accuracy: 39898/50000 (79.80%)
Testing: Average loss: 0.0037, Accuracy: 8481/10000 (84.81%)
Epoch: 55
Training: Loss=0.5736 Batch=390 Accuracy=80.04%: 100%|██████████████████████████████████████████████████████████████████████████████████████████████████████████████████████████████████████████| 391/391 [02:09<00:00,  3.03it/s]
Training: Average loss: 0.0045, Accuracy: 40018/50000 (80.04%)
Testing: Average loss: 0.0037, Accuracy: 8451/10000 (84.51%)
Epoch: 56
Training: Loss=0.5943 Batch=390 Accuracy=79.82%: 100%|██████████████████████████████████████████████████████████████████████████████████████████████████████████████████████████████████████████| 391/391 [02:08<00:00,  3.04it/s]
Training: Average loss: 0.0045, Accuracy: 39909/50000 (79.82%)
Testing: Average loss: 0.0038, Accuracy: 8433/10000 (84.33%)
Epoch: 57
Training: Loss=0.6766 Batch=390 Accuracy=80.16%: 100%|██████████████████████████████████████████████████████████████████████████████████████████████████████████████████████████████████████████| 391/391 [02:08<00:00,  3.03it/s]
Training: Average loss: 0.0044, Accuracy: 40082/50000 (80.16%)
Testing: Average loss: 0.0037, Accuracy: 8465/10000 (84.65%)
Epoch: 58
Training: Loss=0.5735 Batch=390 Accuracy=79.97%: 100%|██████████████████████████████████████████████████████████████████████████████████████████████████████████████████████████████████████████| 391/391 [02:09<00:00,  3.02it/s]
Training: Average loss: 0.0044, Accuracy: 39987/50000 (79.97%)
Testing: Average loss: 0.0036, Accuracy: 8485/10000 (84.85%)
Epoch: 59
Training: Loss=0.4983 Batch=390 Accuracy=80.24%: 100%|██████████████████████████████████████████████████████████████████████████████████████████████████████████████████████████████████████████| 391/391 [02:09<00:00,  3.03it/s]
Training: Average loss: 0.0044, Accuracy: 40122/50000 (80.24%)
Testing: Average loss: 0.0037, Accuracy: 8449/10000 (84.49%)
Epoch: 60
Training: Loss=0.6289 Batch=390 Accuracy=80.09%: 100%|██████████████████████████████████████████████████████████████████████████████████████████████████████████████████████████████████████████| 391/391 [02:08<00:00,  3.03it/s]
Training: Average loss: 0.0044, Accuracy: 40045/50000 (80.09%)
Testing: Average loss: 0.0037, Accuracy: 8483/10000 (84.83%)
Epoch: 61
Training: Loss=0.5852 Batch=390 Accuracy=80.18%: 100%|██████████████████████████████████████████████████████████████████████████████████████████████████████████████████████████████████████████| 391/391 [02:08<00:00,  3.03it/s]
Training: Average loss: 0.0044, Accuracy: 40092/50000 (80.18%)
Testing: Average loss: 0.0037, Accuracy: 8482/10000 (84.82%)
Epoch: 62
Training: Loss=0.4213 Batch=390 Accuracy=80.16%: 100%|██████████████████████████████████████████████████████████████████████████████████████████████████████████████████████████████████████████| 391/391 [02:09<00:00,  3.03it/s]
Training: Average loss: 0.0044, Accuracy: 40079/50000 (80.16%)
Testing: Average loss: 0.0037, Accuracy: 8475/10000 (84.75%)
Epoch: 63
Training: Loss=0.4752 Batch=390 Accuracy=80.12%: 100%|██████████████████████████████████████████████████████████████████████████████████████████████████████████████████████████████████████████| 391/391 [02:08<00:00,  3.03it/s]
Training: Average loss: 0.0044, Accuracy: 40058/50000 (80.12%)
Testing: Average loss: 0.0036, Accuracy: 8511/10000 (85.11%)
Reached target accuracy of 85.0% at epoch 63
Best test Accuracy: 85.11%, Epoch: 63
vikassharma@Vikass-Mac-mini Assing_8 % 